<?xml version="1.0" encoding="UTF-8"?>
<!-- Generated by org.testng.reporters.JUnitXMLReporter -->
<testsuite ignored="3" hostname="DESKTOP-ACHUV3R" failures="0" tests="0" time="0.016" errors="0" timestamp="2025-10-06T13:49:18 IST">
  <testcase classname="demo.TestNGFailedTestDemo" name="test9" time="0.0">
    <ignored/>
  </testcase> <!-- test9 -->
  <testcase classname="demo.TestNGFailedTestDemo" name="test7" time="0.0">
    <ignored/>
  </testcase> <!-- test7 -->
  <testcase classname="demo.TestNGFailedTestDemo" name="test8" time="0.0">
    <ignored/>
  </testcase> <!-- test8 -->
</testsuite>
