<?xml version="1.0" encoding="UTF-8"?>
<!-- Generated by org.testng.reporters.JUnitXMLReporter -->
<testsuite ignored="0" hostname="DESKTOP-ACHUV3R" failures="0" tests="6" name="Test" time="0.143" errors="0" timestamp="2025-09-26T15:19:44 IST">
  <testcase classname="listeners.TestNGListenersDemo" name="test1" time="0.015"/>
  <testcase classname="listeners.TestNGListenersDemo" name="test2" time="0.003"/>
  <testcase classname="listeners.TestNGListenersDemo" name="test3" time="0.004"/>
  <testcase classname="listeners.TestNGListenersDemo2" name="test4" time="0.003"/>
  <testcase classname="listeners.TestNGListenersDemo2" name="test5" time="0.005"/>
  <testcase classname="listeners.TestNGListenersDemo2" name="test6" time="0.004"/>
</testsuite> <!-- Test -->
